c:\users\admin\dx12_game\source\hw3d\hw3d\x64\debug\bindable.obj
c:\users\admin\dx12_game\source\hw3d\hw3d\x64\debug\topology.obj
c:\users\admin\dx12_game\source\hw3d\hw3d\x64\debug\indexbuffer.obj
c:\users\admin\dx12_game\source\hw3d\hw3d\x64\debug\vertexbuffer.obj
c:\users\admin\dx12_game\source\hw3d\hw3d\x64\debug\inputlayout.obj
c:\users\admin\dx12_game\source\hw3d\hw3d\x64\debug\transformcbuf.obj
c:\users\admin\dx12_game\source\hw3d\hw3d\x64\debug\sheet.obj
c:\users\admin\dx12_game\source\hw3d\hw3d\x64\debug\mouse.obj
c:\users\admin\dx12_game\source\hw3d\hw3d\x64\debug\dxerr.obj
c:\users\admin\dx12_game\source\hw3d\hw3d\x64\debug\texture.obj
c:\users\admin\dx12_game\source\hw3d\hw3d\x64\debug\gdiplusmanager.obj
c:\users\admin\dx12_game\source\hw3d\hw3d\x64\debug\surface.obj
c:\users\admin\dx12_game\source\hw3d\hw3d\x64\debug\sudaltimer.obj
c:\users\admin\dx12_game\source\hw3d\hw3d\x64\debug\dxgiinfomanager.obj
c:\users\admin\dx12_game\source\hw3d\hw3d\x64\debug\box.obj
c:\users\admin\dx12_game\source\hw3d\hw3d\x64\debug\keyboard.obj
c:\users\admin\dx12_game\source\hw3d\hw3d\x64\debug\app.obj
c:\users\admin\dx12_game\source\hw3d\hw3d\x64\debug\pixelshader.obj
c:\users\admin\dx12_game\source\hw3d\hw3d\x64\debug\windowsmessagemap.obj
c:\users\admin\dx12_game\source\hw3d\hw3d\x64\debug\sampler.obj
c:\users\admin\dx12_game\source\hw3d\hw3d\x64\debug\winmain.obj
c:\users\admin\dx12_game\source\hw3d\hw3d\x64\debug\melon.obj
c:\users\admin\dx12_game\source\hw3d\hw3d\x64\debug\sudalexception.obj
c:\users\admin\dx12_game\source\hw3d\hw3d\x64\debug\graphics.obj
c:\users\admin\dx12_game\source\hw3d\hw3d\x64\debug\pyramid.obj
c:\users\admin\dx12_game\source\hw3d\hw3d\x64\debug\window.obj
c:\users\admin\dx12_game\source\hw3d\hw3d\x64\debug\drawable.obj
c:\users\admin\dx12_game\source\hw3d\hw3d\x64\debug\vertexshader.obj
c:\users\admin\dx12_game\source\hw3d\hw3d\x64\debug\vc142.pdb
c:\users\admin\dx12_game\source\hw3d\hw3d\x64\debug\skinnedbox.obj
c:\users\admin\dx12_game\source\hw3d\hw3d\x64\debug\imgui_demo.obj
c:\users\admin\dx12_game\source\hw3d\hw3d\x64\debug\imgui_draw.obj
c:\users\admin\dx12_game\source\hw3d\hw3d\x64\debug\imgui_widgets.obj
c:\users\admin\dx12_game\source\hw3d\hw3d\x64\debug\imgui_impl_win32.obj
c:\users\admin\dx12_game\source\hw3d\hw3d\x64\debug\imgui_impl_dx11.obj
c:\users\admin\dx12_game\source\hw3d\hw3d\x64\debug\imgui.obj
c:\users\admin\dx12_game\source\hw3d\hw3d\x64\debug\imguimanager.obj
c:\users\admin\dx12_game\source\hw3d\hw3d\x64\debug\vc142.idb
c:\users\admin\dx12_game\source\hw3d\hw3d\x64\debug\camera.obj
c:\users\admin\dx12_game\source\hw3d\hw3d\x64\debug\solidsphere.obj
c:\users\admin\dx12_game\source\hw3d\hw3d\x64\debug\pointlight.obj
c:\users\admin\dx12_game\source\hw3d\hw3d\x64\debug\cylinder.obj
c:\users\admin\dx12_game\source\hw3d\hw3d\colorblendps.cso
c:\users\admin\dx12_game\source\hw3d\hw3d\colorblendvs.cso
c:\users\admin\dx12_game\source\hw3d\hw3d\phongps.cso
c:\users\admin\dx12_game\source\hw3d\hw3d\phongvs.cso
c:\users\admin\dx12_game\source\hw3d\hw3d\solidps.cso
c:\users\admin\dx12_game\source\hw3d\hw3d\solidvs.cso
c:\users\admin\dx12_game\source\hw3d\hw3d\textureps.cso
c:\users\admin\dx12_game\source\hw3d\hw3d\texturevs.cso
c:\users\admin\dx12_game\source\hw3d\hw3d\indexedphongps.cso
c:\users\admin\dx12_game\source\hw3d\hw3d\blendedphongps.cso
c:\users\admin\dx12_game\source\hw3d\hw3d\blendedphongvs.cso
c:\users\admin\dx12_game\source\hw3d\hw3d\texturedphongps.cso
c:\users\admin\dx12_game\source\hw3d\hw3d\texturedphongvs.cso
c:\users\admin\dx12_game\source\hw3d\x64\debug\hw3d.exe
c:\users\admin\dx12_game\source\hw3d\x64\debug\hw3d.ilk
c:\users\admin\dx12_game\source\hw3d\x64\debug\hw3d.pdb
c:\users\admin\dx12_game\source\hw3d\hw3d\x64\debug\hw3d.res
c:\users\admin\dx12_game\source\hw3d\hw3d\x64\debug\hw3d.tlog\cl.command.1.tlog
c:\users\admin\dx12_game\source\hw3d\hw3d\x64\debug\hw3d.tlog\cl.read.1.tlog
c:\users\admin\dx12_game\source\hw3d\hw3d\x64\debug\hw3d.tlog\cl.write.1.tlog
c:\users\admin\dx12_game\source\hw3d\hw3d\x64\debug\hw3d.tlog\fxc.command.1.tlog
c:\users\admin\dx12_game\source\hw3d\hw3d\x64\debug\hw3d.tlog\fxc.read.1.tlog
c:\users\admin\dx12_game\source\hw3d\hw3d\x64\debug\hw3d.tlog\fxc.write.1.tlog
c:\users\admin\dx12_game\source\hw3d\hw3d\x64\debug\hw3d.tlog\link.command.1.tlog
c:\users\admin\dx12_game\source\hw3d\hw3d\x64\debug\hw3d.tlog\link.read.1.tlog
c:\users\admin\dx12_game\source\hw3d\hw3d\x64\debug\hw3d.tlog\link.write.1.tlog
c:\users\admin\dx12_game\source\hw3d\hw3d\x64\debug\hw3d.tlog\rc.command.1.tlog
c:\users\admin\dx12_game\source\hw3d\hw3d\x64\debug\hw3d.tlog\rc.read.1.tlog
c:\users\admin\dx12_game\source\hw3d\hw3d\x64\debug\hw3d.tlog\rc.write.1.tlog
